Building DAG of jobs...
Using shell: /bin/bash
Provided cluster nodes: 12
Job counts:
	count	jobs
	1	all
	1	call_somatic_cnvs
	1	clean_up_and_finish
	2	concat_tumor_vcf_files
	1	filter_somatic_calls
	1	keep_pass_SNPs
	24	tumor_VCF_at_germline_SNPs
	31

[Wed Feb  6 19:07:59 2019]
rule tumor_VCF_at_germline_SNPs:
    input: /project2/xinhe/alan/Cancer/testing_wgs/output/VCFs/DO30_7_germline_SNPs_VARIANT_POS.txt, /project2/xinhe/alan/Cancer/testing_wgs/output/DO30_tumor_sorted_dedupped.bam
    output: /project2/xinhe/alan/Cancer/testing_wgs/output/VCFs/DO30_7_tumor_at_germline_SNPs.vcf.gz
    jobid: 41
    reason: Missing output files: /project2/xinhe/alan/Cancer/testing_wgs/output/VCFs/DO30_7_tumor_at_germline_SNPs.vcf.gz
    wildcards: id=DO30, chr=7

cp /project2/xinhe/alan/Cancer/testing_wgs/output/VCFs/DO30_7_germline_SNPs_VARIANT_POS.txt /project2/xinhe/alan/Cancer/testing_wgs/output/VCFs/DO30_7_tumor_at_germline_SNPs.vcf.gz
Submitted job 41 with external jobid 'Submitted batch job 57122551'.

[Wed Feb  6 19:08:00 2019]
rule tumor_VCF_at_germline_SNPs:
    input: /project2/xinhe/alan/Cancer/testing_wgs/output/VCFs/DO30_16_germline_SNPs_VARIANT_POS.txt, /project2/xinhe/alan/Cancer/testing_wgs/output/DO30_tumor_sorted_dedupped.bam
    output: /project2/xinhe/alan/Cancer/testing_wgs/output/VCFs/DO30_16_tumor_at_germline_SNPs.vcf.gz
    jobid: 50
    reason: Missing output files: /project2/xinhe/alan/Cancer/testing_wgs/output/VCFs/DO30_16_tumor_at_germline_SNPs.vcf.gz
    wildcards: id=DO30, chr=16

cp /project2/xinhe/alan/Cancer/testing_wgs/output/VCFs/DO30_16_germline_SNPs_VARIANT_POS.txt /project2/xinhe/alan/Cancer/testing_wgs/output/VCFs/DO30_16_tumor_at_germline_SNPs.vcf.gz
Submitted job 50 with external jobid 'Submitted batch job 57122552'.

[Wed Feb  6 19:08:00 2019]
rule tumor_VCF_at_germline_SNPs:
    input: /project2/xinhe/alan/Cancer/testing_wgs/output/VCFs/DO30_2_germline_SNPs_VARIANT_POS.txt, /project2/xinhe/alan/Cancer/testing_wgs/output/DO30_tumor_sorted_dedupped.bam
    output: /project2/xinhe/alan/Cancer/testing_wgs/output/VCFs/DO30_2_tumor_at_germline_SNPs.vcf.gz
    jobid: 36
    reason: Missing output files: /project2/xinhe/alan/Cancer/testing_wgs/output/VCFs/DO30_2_tumor_at_germline_SNPs.vcf.gz
    wildcards: id=DO30, chr=2

cp /project2/xinhe/alan/Cancer/testing_wgs/output/VCFs/DO30_2_germline_SNPs_VARIANT_POS.txt /project2/xinhe/alan/Cancer/testing_wgs/output/VCFs/DO30_2_tumor_at_germline_SNPs.vcf.gz
Submitted job 36 with external jobid 'Submitted batch job 57122553'.

[Wed Feb  6 19:08:00 2019]
rule tumor_VCF_at_germline_SNPs:
    input: /project2/xinhe/alan/Cancer/testing_wgs/output/VCFs/DO30_6_germline_SNPs_VARIANT_POS.txt, /project2/xinhe/alan/Cancer/testing_wgs/output/DO30_tumor_sorted_dedupped.bam
    output: /project2/xinhe/alan/Cancer/testing_wgs/output/VCFs/DO30_6_tumor_at_germline_SNPs.vcf.gz
    jobid: 40
    reason: Missing output files: /project2/xinhe/alan/Cancer/testing_wgs/output/VCFs/DO30_6_tumor_at_germline_SNPs.vcf.gz
    wildcards: id=DO30, chr=6

cp /project2/xinhe/alan/Cancer/testing_wgs/output/VCFs/DO30_6_germline_SNPs_VARIANT_POS.txt /project2/xinhe/alan/Cancer/testing_wgs/output/VCFs/DO30_6_tumor_at_germline_SNPs.vcf.gz
Submitted job 40 with external jobid 'Submitted batch job 57122554'.

[Wed Feb  6 19:08:00 2019]
rule tumor_VCF_at_germline_SNPs:
    input: /project2/xinhe/alan/Cancer/testing_wgs/output/VCFs/DO30_14_germline_SNPs_VARIANT_POS.txt, /project2/xinhe/alan/Cancer/testing_wgs/output/DO30_tumor_sorted_dedupped.bam
    output: /project2/xinhe/alan/Cancer/testing_wgs/output/VCFs/DO30_14_tumor_at_germline_SNPs.vcf.gz
    jobid: 48
    reason: Missing output files: /project2/xinhe/alan/Cancer/testing_wgs/output/VCFs/DO30_14_tumor_at_germline_SNPs.vcf.gz
    wildcards: id=DO30, chr=14

cp /project2/xinhe/alan/Cancer/testing_wgs/output/VCFs/DO30_14_germline_SNPs_VARIANT_POS.txt /project2/xinhe/alan/Cancer/testing_wgs/output/VCFs/DO30_14_tumor_at_germline_SNPs.vcf.gz
Submitted job 48 with external jobid 'Submitted batch job 57122555'.

[Wed Feb  6 19:08:00 2019]
rule tumor_VCF_at_germline_SNPs:
    input: /project2/xinhe/alan/Cancer/testing_wgs/output/VCFs/DO30_15_germline_SNPs_VARIANT_POS.txt, /project2/xinhe/alan/Cancer/testing_wgs/output/DO30_tumor_sorted_dedupped.bam
    output: /project2/xinhe/alan/Cancer/testing_wgs/output/VCFs/DO30_15_tumor_at_germline_SNPs.vcf.gz
    jobid: 49
    reason: Missing output files: /project2/xinhe/alan/Cancer/testing_wgs/output/VCFs/DO30_15_tumor_at_germline_SNPs.vcf.gz
    wildcards: id=DO30, chr=15

cp /project2/xinhe/alan/Cancer/testing_wgs/output/VCFs/DO30_15_germline_SNPs_VARIANT_POS.txt /project2/xinhe/alan/Cancer/testing_wgs/output/VCFs/DO30_15_tumor_at_germline_SNPs.vcf.gz
Submitted job 49 with external jobid 'Submitted batch job 57122556'.

[Wed Feb  6 19:08:00 2019]
rule tumor_VCF_at_germline_SNPs:
    input: /project2/xinhe/alan/Cancer/testing_wgs/output/VCFs/DO30_5_germline_SNPs_VARIANT_POS.txt, /project2/xinhe/alan/Cancer/testing_wgs/output/DO30_tumor_sorted_dedupped.bam
    output: /project2/xinhe/alan/Cancer/testing_wgs/output/VCFs/DO30_5_tumor_at_germline_SNPs.vcf.gz
    jobid: 39
    reason: Missing output files: /project2/xinhe/alan/Cancer/testing_wgs/output/VCFs/DO30_5_tumor_at_germline_SNPs.vcf.gz
    wildcards: id=DO30, chr=5

cp /project2/xinhe/alan/Cancer/testing_wgs/output/VCFs/DO30_5_germline_SNPs_VARIANT_POS.txt /project2/xinhe/alan/Cancer/testing_wgs/output/VCFs/DO30_5_tumor_at_germline_SNPs.vcf.gz
Submitted job 39 with external jobid 'Submitted batch job 57122557'.

[Wed Feb  6 19:08:00 2019]
rule tumor_VCF_at_germline_SNPs:
    input: /project2/xinhe/alan/Cancer/testing_wgs/output/VCFs/DO30_10_germline_SNPs_VARIANT_POS.txt, /project2/xinhe/alan/Cancer/testing_wgs/output/DO30_tumor_sorted_dedupped.bam
    output: /project2/xinhe/alan/Cancer/testing_wgs/output/VCFs/DO30_10_tumor_at_germline_SNPs.vcf.gz
    jobid: 44
    reason: Missing output files: /project2/xinhe/alan/Cancer/testing_wgs/output/VCFs/DO30_10_tumor_at_germline_SNPs.vcf.gz
    wildcards: id=DO30, chr=10

cp /project2/xinhe/alan/Cancer/testing_wgs/output/VCFs/DO30_10_germline_SNPs_VARIANT_POS.txt /project2/xinhe/alan/Cancer/testing_wgs/output/VCFs/DO30_10_tumor_at_germline_SNPs.vcf.gz
Submitted job 44 with external jobid 'Submitted batch job 57122558'.

[Wed Feb  6 19:08:00 2019]
rule tumor_VCF_at_germline_SNPs:
    input: /project2/xinhe/alan/Cancer/testing_wgs/output/VCFs/DO30_8_germline_SNPs_VARIANT_POS.txt, /project2/xinhe/alan/Cancer/testing_wgs/output/DO30_tumor_sorted_dedupped.bam
    output: /project2/xinhe/alan/Cancer/testing_wgs/output/VCFs/DO30_8_tumor_at_germline_SNPs.vcf.gz
    jobid: 42
    reason: Missing output files: /project2/xinhe/alan/Cancer/testing_wgs/output/VCFs/DO30_8_tumor_at_germline_SNPs.vcf.gz
    wildcards: id=DO30, chr=8

cp /project2/xinhe/alan/Cancer/testing_wgs/output/VCFs/DO30_8_germline_SNPs_VARIANT_POS.txt /project2/xinhe/alan/Cancer/testing_wgs/output/VCFs/DO30_8_tumor_at_germline_SNPs.vcf.gz
Submitted job 42 with external jobid 'Submitted batch job 57122559'.

[Wed Feb  6 19:08:00 2019]
rule tumor_VCF_at_germline_SNPs:
    input: /project2/xinhe/alan/Cancer/testing_wgs/output/VCFs/DO30_13_germline_SNPs_VARIANT_POS.txt, /project2/xinhe/alan/Cancer/testing_wgs/output/DO30_tumor_sorted_dedupped.bam
    output: /project2/xinhe/alan/Cancer/testing_wgs/output/VCFs/DO30_13_tumor_at_germline_SNPs.vcf.gz
    jobid: 47
    reason: Missing output files: /project2/xinhe/alan/Cancer/testing_wgs/output/VCFs/DO30_13_tumor_at_germline_SNPs.vcf.gz
    wildcards: id=DO30, chr=13

cp /project2/xinhe/alan/Cancer/testing_wgs/output/VCFs/DO30_13_germline_SNPs_VARIANT_POS.txt /project2/xinhe/alan/Cancer/testing_wgs/output/VCFs/DO30_13_tumor_at_germline_SNPs.vcf.gz
Submitted job 47 with external jobid 'Submitted batch job 57122560'.

[Wed Feb  6 19:08:01 2019]
rule tumor_VCF_at_germline_SNPs:
    input: /project2/xinhe/alan/Cancer/testing_wgs/output/VCFs/DO30_1_germline_SNPs_VARIANT_POS.txt, /project2/xinhe/alan/Cancer/testing_wgs/output/DO30_tumor_sorted_dedupped.bam
    output: /project2/xinhe/alan/Cancer/testing_wgs/output/VCFs/DO30_1_tumor_at_germline_SNPs.vcf.gz
    jobid: 35
    reason: Missing output files: /project2/xinhe/alan/Cancer/testing_wgs/output/VCFs/DO30_1_tumor_at_germline_SNPs.vcf.gz
    wildcards: id=DO30, chr=1

cp /project2/xinhe/alan/Cancer/testing_wgs/output/VCFs/DO30_1_germline_SNPs_VARIANT_POS.txt /project2/xinhe/alan/Cancer/testing_wgs/output/VCFs/DO30_1_tumor_at_germline_SNPs.vcf.gz
Submitted job 35 with external jobid 'Submitted batch job 57122561'.

[Wed Feb  6 19:08:03 2019]
rule tumor_VCF_at_germline_SNPs:
    input: /project2/xinhe/alan/Cancer/testing_wgs/output/VCFs/DO30_19_germline_SNPs_VARIANT_POS.txt, /project2/xinhe/alan/Cancer/testing_wgs/output/DO30_tumor_sorted_dedupped.bam
    output: /project2/xinhe/alan/Cancer/testing_wgs/output/VCFs/DO30_19_tumor_at_germline_SNPs.vcf.gz
    jobid: 53
    reason: Missing output files: /project2/xinhe/alan/Cancer/testing_wgs/output/VCFs/DO30_19_tumor_at_germline_SNPs.vcf.gz
    wildcards: id=DO30, chr=19

cp /project2/xinhe/alan/Cancer/testing_wgs/output/VCFs/DO30_19_germline_SNPs_VARIANT_POS.txt /project2/xinhe/alan/Cancer/testing_wgs/output/VCFs/DO30_19_tumor_at_germline_SNPs.vcf.gz
Submitted job 53 with external jobid 'Submitted batch job 57122562'.
Removing temporary output file /project2/xinhe/alan/Cancer/testing_wgs/output/VCFs/DO30_7_germline_SNPs_VARIANT_POS.txt.
[Wed Feb  6 19:08:31 2019]
Finished job 41.
1 of 31 steps (3%) done

[Wed Feb  6 19:08:31 2019]
rule tumor_VCF_at_germline_SNPs:
    input: /project2/xinhe/alan/Cancer/testing_wgs/output/VCFs/DO30_4_germline_SNPs_VARIANT_POS.txt, /project2/xinhe/alan/Cancer/testing_wgs/output/DO30_tumor_sorted_dedupped.bam
    output: /project2/xinhe/alan/Cancer/testing_wgs/output/VCFs/DO30_4_tumor_at_germline_SNPs.vcf.gz
    jobid: 38
    reason: Missing output files: /project2/xinhe/alan/Cancer/testing_wgs/output/VCFs/DO30_4_tumor_at_germline_SNPs.vcf.gz
    wildcards: id=DO30, chr=4

cp /project2/xinhe/alan/Cancer/testing_wgs/output/VCFs/DO30_4_germline_SNPs_VARIANT_POS.txt /project2/xinhe/alan/Cancer/testing_wgs/output/VCFs/DO30_4_tumor_at_germline_SNPs.vcf.gz
Removing temporary output file /project2/xinhe/alan/Cancer/testing_wgs/output/VCFs/DO30_16_germline_SNPs_VARIANT_POS.txt.
[Wed Feb  6 19:08:31 2019]
Finished job 50.
2 of 31 steps (6%) done
Removing temporary output file /project2/xinhe/alan/Cancer/testing_wgs/output/VCFs/DO30_2_germline_SNPs_VARIANT_POS.txt.
[Wed Feb  6 19:08:31 2019]
Finished job 36.
3 of 31 steps (10%) done
Removing temporary output file /project2/xinhe/alan/Cancer/testing_wgs/output/VCFs/DO30_6_germline_SNPs_VARIANT_POS.txt.
[Wed Feb  6 19:08:31 2019]
Finished job 40.
4 of 31 steps (13%) done
Removing temporary output file /project2/xinhe/alan/Cancer/testing_wgs/output/VCFs/DO30_14_germline_SNPs_VARIANT_POS.txt.
[Wed Feb  6 19:08:31 2019]
Finished job 48.
5 of 31 steps (16%) done
Removing temporary output file /project2/xinhe/alan/Cancer/testing_wgs/output/VCFs/DO30_15_germline_SNPs_VARIANT_POS.txt.
[Wed Feb  6 19:08:31 2019]
Finished job 49.
6 of 31 steps (19%) done
Removing temporary output file /project2/xinhe/alan/Cancer/testing_wgs/output/VCFs/DO30_5_germline_SNPs_VARIANT_POS.txt.
[Wed Feb  6 19:08:31 2019]
Finished job 39.
7 of 31 steps (23%) done
Removing temporary output file /project2/xinhe/alan/Cancer/testing_wgs/output/VCFs/DO30_10_germline_SNPs_VARIANT_POS.txt.
[Wed Feb  6 19:08:31 2019]
Finished job 44.
8 of 31 steps (26%) done
Removing temporary output file /project2/xinhe/alan/Cancer/testing_wgs/output/VCFs/DO30_8_germline_SNPs_VARIANT_POS.txt.
[Wed Feb  6 19:08:31 2019]
Finished job 42.
9 of 31 steps (29%) done
Removing temporary output file /project2/xinhe/alan/Cancer/testing_wgs/output/VCFs/DO30_13_germline_SNPs_VARIANT_POS.txt.
[Wed Feb  6 19:08:31 2019]
Finished job 47.
10 of 31 steps (32%) done
Submitted job 38 with external jobid 'Submitted batch job 57122563'.

[Wed Feb  6 19:08:31 2019]
rule tumor_VCF_at_germline_SNPs:
    input: /project2/xinhe/alan/Cancer/testing_wgs/output/VCFs/DO30_X_germline_SNPs_VARIANT_POS.txt, /project2/xinhe/alan/Cancer/testing_wgs/output/DO30_tumor_sorted_dedupped.bam
    output: /project2/xinhe/alan/Cancer/testing_wgs/output/VCFs/DO30_X_tumor_at_germline_SNPs.vcf.gz
    jobid: 57
    reason: Missing output files: /project2/xinhe/alan/Cancer/testing_wgs/output/VCFs/DO30_X_tumor_at_germline_SNPs.vcf.gz
    wildcards: id=DO30, chr=X

cp /project2/xinhe/alan/Cancer/testing_wgs/output/VCFs/DO30_X_germline_SNPs_VARIANT_POS.txt /project2/xinhe/alan/Cancer/testing_wgs/output/VCFs/DO30_X_tumor_at_germline_SNPs.vcf.gz
Submitted job 57 with external jobid 'Submitted batch job 57122564'.

[Wed Feb  6 19:08:31 2019]
rule tumor_VCF_at_germline_SNPs:
    input: /project2/xinhe/alan/Cancer/testing_wgs/output/VCFs/DO30_18_germline_SNPs_VARIANT_POS.txt, /project2/xinhe/alan/Cancer/testing_wgs/output/DO30_tumor_sorted_dedupped.bam
    output: /project2/xinhe/alan/Cancer/testing_wgs/output/VCFs/DO30_18_tumor_at_germline_SNPs.vcf.gz
    jobid: 52
    reason: Missing output files: /project2/xinhe/alan/Cancer/testing_wgs/output/VCFs/DO30_18_tumor_at_germline_SNPs.vcf.gz
    wildcards: id=DO30, chr=18

cp /project2/xinhe/alan/Cancer/testing_wgs/output/VCFs/DO30_18_germline_SNPs_VARIANT_POS.txt /project2/xinhe/alan/Cancer/testing_wgs/output/VCFs/DO30_18_tumor_at_germline_SNPs.vcf.gz
Submitted job 52 with external jobid 'Submitted batch job 57122565'.

[Wed Feb  6 19:08:31 2019]
rule tumor_VCF_at_germline_SNPs:
    input: /project2/xinhe/alan/Cancer/testing_wgs/output/VCFs/DO30_17_germline_SNPs_VARIANT_POS.txt, /project2/xinhe/alan/Cancer/testing_wgs/output/DO30_tumor_sorted_dedupped.bam
    output: /project2/xinhe/alan/Cancer/testing_wgs/output/VCFs/DO30_17_tumor_at_germline_SNPs.vcf.gz
    jobid: 51
    reason: Missing output files: /project2/xinhe/alan/Cancer/testing_wgs/output/VCFs/DO30_17_tumor_at_germline_SNPs.vcf.gz
    wildcards: id=DO30, chr=17

cp /project2/xinhe/alan/Cancer/testing_wgs/output/VCFs/DO30_17_germline_SNPs_VARIANT_POS.txt /project2/xinhe/alan/Cancer/testing_wgs/output/VCFs/DO30_17_tumor_at_germline_SNPs.vcf.gz
Submitted job 51 with external jobid 'Submitted batch job 57122566'.

[Wed Feb  6 19:08:31 2019]
rule tumor_VCF_at_germline_SNPs:
    input: /project2/xinhe/alan/Cancer/testing_wgs/output/VCFs/DO30_12_germline_SNPs_VARIANT_POS.txt, /project2/xinhe/alan/Cancer/testing_wgs/output/DO30_tumor_sorted_dedupped.bam
    output: /project2/xinhe/alan/Cancer/testing_wgs/output/VCFs/DO30_12_tumor_at_germline_SNPs.vcf.gz
    jobid: 46
    reason: Missing output files: /project2/xinhe/alan/Cancer/testing_wgs/output/VCFs/DO30_12_tumor_at_germline_SNPs.vcf.gz
    wildcards: id=DO30, chr=12

cp /project2/xinhe/alan/Cancer/testing_wgs/output/VCFs/DO30_12_germline_SNPs_VARIANT_POS.txt /project2/xinhe/alan/Cancer/testing_wgs/output/VCFs/DO30_12_tumor_at_germline_SNPs.vcf.gz
Submitted job 46 with external jobid 'Submitted batch job 57122567'.

[Wed Feb  6 19:08:31 2019]
rule tumor_VCF_at_germline_SNPs:
    input: /project2/xinhe/alan/Cancer/testing_wgs/output/VCFs/DO30_11_germline_SNPs_VARIANT_POS.txt, /project2/xinhe/alan/Cancer/testing_wgs/output/DO30_tumor_sorted_dedupped.bam
    output: /project2/xinhe/alan/Cancer/testing_wgs/output/VCFs/DO30_11_tumor_at_germline_SNPs.vcf.gz
    jobid: 45
    reason: Missing output files: /project2/xinhe/alan/Cancer/testing_wgs/output/VCFs/DO30_11_tumor_at_germline_SNPs.vcf.gz
    wildcards: id=DO30, chr=11

cp /project2/xinhe/alan/Cancer/testing_wgs/output/VCFs/DO30_11_germline_SNPs_VARIANT_POS.txt /project2/xinhe/alan/Cancer/testing_wgs/output/VCFs/DO30_11_tumor_at_germline_SNPs.vcf.gz
Submitted job 45 with external jobid 'Submitted batch job 57122568'.

[Wed Feb  6 19:08:31 2019]
rule tumor_VCF_at_germline_SNPs:
    input: /project2/xinhe/alan/Cancer/testing_wgs/output/VCFs/DO30_20_germline_SNPs_VARIANT_POS.txt, /project2/xinhe/alan/Cancer/testing_wgs/output/DO30_tumor_sorted_dedupped.bam
    output: /project2/xinhe/alan/Cancer/testing_wgs/output/VCFs/DO30_20_tumor_at_germline_SNPs.vcf.gz
    jobid: 54
    reason: Missing output files: /project2/xinhe/alan/Cancer/testing_wgs/output/VCFs/DO30_20_tumor_at_germline_SNPs.vcf.gz
    wildcards: id=DO30, chr=20

cp /project2/xinhe/alan/Cancer/testing_wgs/output/VCFs/DO30_20_germline_SNPs_VARIANT_POS.txt /project2/xinhe/alan/Cancer/testing_wgs/output/VCFs/DO30_20_tumor_at_germline_SNPs.vcf.gz
Submitted job 54 with external jobid 'Submitted batch job 57122569'.

[Wed Feb  6 19:08:31 2019]
rule tumor_VCF_at_germline_SNPs:
    input: /project2/xinhe/alan/Cancer/testing_wgs/output/VCFs/DO30_Y_germline_SNPs_VARIANT_POS.txt, /project2/xinhe/alan/Cancer/testing_wgs/output/DO30_tumor_sorted_dedupped.bam
    output: /project2/xinhe/alan/Cancer/testing_wgs/output/VCFs/DO30_Y_tumor_at_germline_SNPs.vcf.gz
    jobid: 58
    reason: Missing output files: /project2/xinhe/alan/Cancer/testing_wgs/output/VCFs/DO30_Y_tumor_at_germline_SNPs.vcf.gz
    wildcards: id=DO30, chr=Y

cp /project2/xinhe/alan/Cancer/testing_wgs/output/VCFs/DO30_Y_germline_SNPs_VARIANT_POS.txt /project2/xinhe/alan/Cancer/testing_wgs/output/VCFs/DO30_Y_tumor_at_germline_SNPs.vcf.gz
Submitted job 58 with external jobid 'Submitted batch job 57122570'.

[Wed Feb  6 19:08:31 2019]
rule tumor_VCF_at_germline_SNPs:
    input: /project2/xinhe/alan/Cancer/testing_wgs/output/VCFs/DO30_22_germline_SNPs_VARIANT_POS.txt, /project2/xinhe/alan/Cancer/testing_wgs/output/DO30_tumor_sorted_dedupped.bam
    output: /project2/xinhe/alan/Cancer/testing_wgs/output/VCFs/DO30_22_tumor_at_germline_SNPs.vcf.gz
    jobid: 56
    reason: Missing output files: /project2/xinhe/alan/Cancer/testing_wgs/output/VCFs/DO30_22_tumor_at_germline_SNPs.vcf.gz
    wildcards: id=DO30, chr=22

cp /project2/xinhe/alan/Cancer/testing_wgs/output/VCFs/DO30_22_germline_SNPs_VARIANT_POS.txt /project2/xinhe/alan/Cancer/testing_wgs/output/VCFs/DO30_22_tumor_at_germline_SNPs.vcf.gz
Submitted job 56 with external jobid 'Submitted batch job 57122571'.

[Wed Feb  6 19:08:31 2019]
rule tumor_VCF_at_germline_SNPs:
    input: /project2/xinhe/alan/Cancer/testing_wgs/output/VCFs/DO30_9_germline_SNPs_VARIANT_POS.txt, /project2/xinhe/alan/Cancer/testing_wgs/output/DO30_tumor_sorted_dedupped.bam
    output: /project2/xinhe/alan/Cancer/testing_wgs/output/VCFs/DO30_9_tumor_at_germline_SNPs.vcf.gz
    jobid: 43
    reason: Missing output files: /project2/xinhe/alan/Cancer/testing_wgs/output/VCFs/DO30_9_tumor_at_germline_SNPs.vcf.gz
    wildcards: id=DO30, chr=9

cp /project2/xinhe/alan/Cancer/testing_wgs/output/VCFs/DO30_9_germline_SNPs_VARIANT_POS.txt /project2/xinhe/alan/Cancer/testing_wgs/output/VCFs/DO30_9_tumor_at_germline_SNPs.vcf.gz
Submitted job 43 with external jobid 'Submitted batch job 57122572'.
Removing temporary output file /project2/xinhe/alan/Cancer/testing_wgs/output/VCFs/DO30_1_germline_SNPs_VARIANT_POS.txt.
[Wed Feb  6 19:08:32 2019]
Finished job 35.
11 of 31 steps (35%) done
Removing temporary output file /project2/xinhe/alan/Cancer/testing_wgs/output/VCFs/DO30_19_germline_SNPs_VARIANT_POS.txt.
[Wed Feb  6 19:08:32 2019]
Finished job 53.
12 of 31 steps (39%) done

[Wed Feb  6 19:08:32 2019]
rule tumor_VCF_at_germline_SNPs:
    input: /project2/xinhe/alan/Cancer/testing_wgs/output/VCFs/DO30_3_germline_SNPs_VARIANT_POS.txt, /project2/xinhe/alan/Cancer/testing_wgs/output/DO30_tumor_sorted_dedupped.bam
    output: /project2/xinhe/alan/Cancer/testing_wgs/output/VCFs/DO30_3_tumor_at_germline_SNPs.vcf.gz
    jobid: 37
    reason: Missing output files: /project2/xinhe/alan/Cancer/testing_wgs/output/VCFs/DO30_3_tumor_at_germline_SNPs.vcf.gz
    wildcards: id=DO30, chr=3

cp /project2/xinhe/alan/Cancer/testing_wgs/output/VCFs/DO30_3_germline_SNPs_VARIANT_POS.txt /project2/xinhe/alan/Cancer/testing_wgs/output/VCFs/DO30_3_tumor_at_germline_SNPs.vcf.gz
Submitted job 37 with external jobid 'Submitted batch job 57122573'.

[Wed Feb  6 19:08:32 2019]
rule tumor_VCF_at_germline_SNPs:
    input: /project2/xinhe/alan/Cancer/testing_wgs/output/VCFs/DO30_21_germline_SNPs_VARIANT_POS.txt, /project2/xinhe/alan/Cancer/testing_wgs/output/DO30_tumor_sorted_dedupped.bam
    output: /project2/xinhe/alan/Cancer/testing_wgs/output/VCFs/DO30_21_tumor_at_germline_SNPs.vcf.gz
    jobid: 55
    reason: Missing output files: /project2/xinhe/alan/Cancer/testing_wgs/output/VCFs/DO30_21_tumor_at_germline_SNPs.vcf.gz
    wildcards: id=DO30, chr=21

cp /project2/xinhe/alan/Cancer/testing_wgs/output/VCFs/DO30_21_germline_SNPs_VARIANT_POS.txt /project2/xinhe/alan/Cancer/testing_wgs/output/VCFs/DO30_21_tumor_at_germline_SNPs.vcf.gz
Submitted job 55 with external jobid 'Submitted batch job 57122574'.
Removing temporary output file /project2/xinhe/alan/Cancer/testing_wgs/output/VCFs/DO30_4_germline_SNPs_VARIANT_POS.txt.
[Wed Feb  6 19:09:04 2019]
Finished job 38.
13 of 31 steps (42%) done

[Wed Feb  6 19:09:04 2019]
rule filter_somatic_calls:
    input: /project2/xinhe/alan/Cancer/testing_wgs/output/VCFs/DO30_somatic_SNPs_Indels_unfiltered.vcf.gz
    output: /project2/xinhe/alan/Cancer/testing_wgs/output/VCFs/DO30_somatic_SNPs_Indels_filtered.vcf.gz
    jobid: 34
    reason: Missing output files: /project2/xinhe/alan/Cancer/testing_wgs/output/VCFs/DO30_somatic_SNPs_Indels_filtered.vcf.gz
    wildcards: id=DO30

gatk FilterMutectCalls -V /project2/xinhe/alan/Cancer/testing_wgs/output/VCFs/DO30_somatic_SNPs_Indels_unfiltered.vcf.gz -O /project2/xinhe/alan/Cancer/testing_wgs/output/VCFs/DO30_somatic_SNPs_Indels_filtered.vcf.gz
Removing temporary output file /project2/xinhe/alan/Cancer/testing_wgs/output/VCFs/DO30_X_germline_SNPs_VARIANT_POS.txt.
[Wed Feb  6 19:09:04 2019]
Finished job 57.
14 of 31 steps (45%) done
Removing temporary output file /project2/xinhe/alan/Cancer/testing_wgs/output/VCFs/DO30_18_germline_SNPs_VARIANT_POS.txt.
[Wed Feb  6 19:09:04 2019]
Finished job 52.
15 of 31 steps (48%) done
Removing temporary output file /project2/xinhe/alan/Cancer/testing_wgs/output/VCFs/DO30_17_germline_SNPs_VARIANT_POS.txt.
[Wed Feb  6 19:09:04 2019]
Finished job 51.
16 of 31 steps (52%) done
Removing temporary output file /project2/xinhe/alan/Cancer/testing_wgs/output/VCFs/DO30_12_germline_SNPs_VARIANT_POS.txt.
[Wed Feb  6 19:09:04 2019]
Finished job 46.
17 of 31 steps (55%) done
Removing temporary output file /project2/xinhe/alan/Cancer/testing_wgs/output/VCFs/DO30_11_germline_SNPs_VARIANT_POS.txt.
[Wed Feb  6 19:09:04 2019]
Finished job 45.
18 of 31 steps (58%) done
Removing temporary output file /project2/xinhe/alan/Cancer/testing_wgs/output/VCFs/DO30_20_germline_SNPs_VARIANT_POS.txt.
[Wed Feb  6 19:09:04 2019]
Finished job 54.
19 of 31 steps (61%) done
Removing temporary output file /project2/xinhe/alan/Cancer/testing_wgs/output/VCFs/DO30_Y_germline_SNPs_VARIANT_POS.txt.
[Wed Feb  6 19:09:04 2019]
Finished job 58.
20 of 31 steps (65%) done
Removing temporary output file /project2/xinhe/alan/Cancer/testing_wgs/output/VCFs/DO30_22_germline_SNPs_VARIANT_POS.txt.
[Wed Feb  6 19:09:04 2019]
Finished job 56.
21 of 31 steps (68%) done
Removing temporary output file /project2/xinhe/alan/Cancer/testing_wgs/output/VCFs/DO30_9_germline_SNPs_VARIANT_POS.txt.
[Wed Feb  6 19:09:04 2019]
Finished job 43.
22 of 31 steps (71%) done
Removing temporary output file /project2/xinhe/alan/Cancer/testing_wgs/output/VCFs/DO30_3_germline_SNPs_VARIANT_POS.txt.
[Wed Feb  6 19:09:05 2019]
Finished job 37.
23 of 31 steps (74%) done
Removing temporary output file /project2/xinhe/alan/Cancer/testing_wgs/output/VCFs/DO30_21_germline_SNPs_VARIANT_POS.txt.
[Wed Feb  6 19:09:05 2019]
Finished job 55.
24 of 31 steps (77%) done
Submitted job 34 with external jobid 'Submitted batch job 57122575'.

[Wed Feb  6 19:09:06 2019]
rule concat_tumor_vcf_files:
    input: /project2/xinhe/alan/Cancer/testing_wgs/output/VCFs/DO30_1_tumor_at_germline_SNPs.vcf.gz, /project2/xinhe/alan/Cancer/testing_wgs/output/VCFs/DO30_2_tumor_at_germline_SNPs.vcf.gz, /project2/xinhe/alan/Cancer/testing_wgs/output/VCFs/DO30_3_tumor_at_germline_SNPs.vcf.gz, /project2/xinhe/alan/Cancer/testing_wgs/output/VCFs/DO30_4_tumor_at_germline_SNPs.vcf.gz, /project2/xinhe/alan/Cancer/testing_wgs/output/VCFs/DO30_5_tumor_at_germline_SNPs.vcf.gz, /project2/xinhe/alan/Cancer/testing_wgs/output/VCFs/DO30_6_tumor_at_germline_SNPs.vcf.gz, /project2/xinhe/alan/Cancer/testing_wgs/output/VCFs/DO30_7_tumor_at_germline_SNPs.vcf.gz, /project2/xinhe/alan/Cancer/testing_wgs/output/VCFs/DO30_8_tumor_at_germline_SNPs.vcf.gz, /project2/xinhe/alan/Cancer/testing_wgs/output/VCFs/DO30_9_tumor_at_germline_SNPs.vcf.gz, /project2/xinhe/alan/Cancer/testing_wgs/output/VCFs/DO30_10_tumor_at_germline_SNPs.vcf.gz, /project2/xinhe/alan/Cancer/testing_wgs/output/VCFs/DO30_11_tumor_at_germline_SNPs.vcf.gz, /project2/xinhe/alan/Cancer/testing_wgs/output/VCFs/DO30_12_tumor_at_germline_SNPs.vcf.gz, /project2/xinhe/alan/Cancer/testing_wgs/output/VCFs/DO30_13_tumor_at_germline_SNPs.vcf.gz, /project2/xinhe/alan/Cancer/testing_wgs/output/VCFs/DO30_14_tumor_at_germline_SNPs.vcf.gz, /project2/xinhe/alan/Cancer/testing_wgs/output/VCFs/DO30_15_tumor_at_germline_SNPs.vcf.gz, /project2/xinhe/alan/Cancer/testing_wgs/output/VCFs/DO30_16_tumor_at_germline_SNPs.vcf.gz, /project2/xinhe/alan/Cancer/testing_wgs/output/VCFs/DO30_17_tumor_at_germline_SNPs.vcf.gz, /project2/xinhe/alan/Cancer/testing_wgs/output/VCFs/DO30_18_tumor_at_germline_SNPs.vcf.gz, /project2/xinhe/alan/Cancer/testing_wgs/output/VCFs/DO30_19_tumor_at_germline_SNPs.vcf.gz, /project2/xinhe/alan/Cancer/testing_wgs/output/VCFs/DO30_20_tumor_at_germline_SNPs.vcf.gz, /project2/xinhe/alan/Cancer/testing_wgs/output/VCFs/DO30_21_tumor_at_germline_SNPs.vcf.gz, /project2/xinhe/alan/Cancer/testing_wgs/output/VCFs/DO30_22_tumor_at_germline_SNPs.vcf.gz, /project2/xinhe/alan/Cancer/testing_wgs/output/VCFs/DO30_X_tumor_at_germline_SNPs.vcf.gz, /project2/xinhe/alan/Cancer/testing_wgs/output/VCFs/DO30_Y_tumor_at_germline_SNPs.vcf.gz
    output: /project2/xinhe/alan/Cancer/testing_wgs/output/DO30_tumor_Titan.txt
    jobid: 5
    reason: Missing output files: /project2/xinhe/alan/Cancer/testing_wgs/output/DO30_tumor_Titan.txt; Input files updated by another job: /project2/xinhe/alan/Cancer/testing_wgs/output/VCFs/DO30_8_tumor_at_germline_SNPs.vcf.gz, /project2/xinhe/alan/Cancer/testing_wgs/output/VCFs/DO30_15_tumor_at_germline_SNPs.vcf.gz, /project2/xinhe/alan/Cancer/testing_wgs/output/VCFs/DO30_20_tumor_at_germline_SNPs.vcf.gz, /project2/xinhe/alan/Cancer/testing_wgs/output/VCFs/DO30_13_tumor_at_germline_SNPs.vcf.gz, /project2/xinhe/alan/Cancer/testing_wgs/output/VCFs/DO30_X_tumor_at_germline_SNPs.vcf.gz, /project2/xinhe/alan/Cancer/testing_wgs/output/VCFs/DO30_7_tumor_at_germline_SNPs.vcf.gz, /project2/xinhe/alan/Cancer/testing_wgs/output/VCFs/DO30_16_tumor_at_germline_SNPs.vcf.gz, /project2/xinhe/alan/Cancer/testing_wgs/output/VCFs/DO30_18_tumor_at_germline_SNPs.vcf.gz, /project2/xinhe/alan/Cancer/testing_wgs/output/VCFs/DO30_21_tumor_at_germline_SNPs.vcf.gz, /project2/xinhe/alan/Cancer/testing_wgs/output/VCFs/DO30_6_tumor_at_germline_SNPs.vcf.gz, /project2/xinhe/alan/Cancer/testing_wgs/output/VCFs/DO30_14_tumor_at_germline_SNPs.vcf.gz, /project2/xinhe/alan/Cancer/testing_wgs/output/VCFs/DO30_19_tumor_at_germline_SNPs.vcf.gz, /project2/xinhe/alan/Cancer/testing_wgs/output/VCFs/DO30_22_tumor_at_germline_SNPs.vcf.gz, /project2/xinhe/alan/Cancer/testing_wgs/output/VCFs/DO30_2_tumor_at_germline_SNPs.vcf.gz, /project2/xinhe/alan/Cancer/testing_wgs/output/VCFs/DO30_9_tumor_at_germline_SNPs.vcf.gz, /project2/xinhe/alan/Cancer/testing_wgs/output/VCFs/DO30_4_tumor_at_germline_SNPs.vcf.gz, /project2/xinhe/alan/Cancer/testing_wgs/output/VCFs/DO30_5_tumor_at_germline_SNPs.vcf.gz, /project2/xinhe/alan/Cancer/testing_wgs/output/VCFs/DO30_10_tumor_at_germline_SNPs.vcf.gz, /project2/xinhe/alan/Cancer/testing_wgs/output/VCFs/DO30_17_tumor_at_germline_SNPs.vcf.gz, /project2/xinhe/alan/Cancer/testing_wgs/output/VCFs/DO30_3_tumor_at_germline_SNPs.vcf.gz, /project2/xinhe/alan/Cancer/testing_wgs/output/VCFs/DO30_Y_tumor_at_germline_SNPs.vcf.gz, /project2/xinhe/alan/Cancer/testing_wgs/output/VCFs/DO30_12_tumor_at_germline_SNPs.vcf.gz, /project2/xinhe/alan/Cancer/testing_wgs/output/VCFs/DO30_11_tumor_at_germline_SNPs.vcf.gz, /project2/xinhe/alan/Cancer/testing_wgs/output/VCFs/DO30_1_tumor_at_germline_SNPs.vcf.gz
    wildcards: id=DO30

bcftools concat /project2/xinhe/alan/Cancer/testing_wgs/output/VCFs/DO30_1_tumor_at_germline_SNPs.vcf.gz /project2/xinhe/alan/Cancer/testing_wgs/output/VCFs/DO30_2_tumor_at_germline_SNPs.vcf.gz /project2/xinhe/alan/Cancer/testing_wgs/output/VCFs/DO30_3_tumor_at_germline_SNPs.vcf.gz /project2/xinhe/alan/Cancer/testing_wgs/output/VCFs/DO30_4_tumor_at_germline_SNPs.vcf.gz /project2/xinhe/alan/Cancer/testing_wgs/output/VCFs/DO30_5_tumor_at_germline_SNPs.vcf.gz /project2/xinhe/alan/Cancer/testing_wgs/output/VCFs/DO30_6_tumor_at_germline_SNPs.vcf.gz /project2/xinhe/alan/Cancer/testing_wgs/output/VCFs/DO30_7_tumor_at_germline_SNPs.vcf.gz /project2/xinhe/alan/Cancer/testing_wgs/output/VCFs/DO30_8_tumor_at_germline_SNPs.vcf.gz /project2/xinhe/alan/Cancer/testing_wgs/output/VCFs/DO30_9_tumor_at_germline_SNPs.vcf.gz /project2/xinhe/alan/Cancer/testing_wgs/output/VCFs/DO30_10_tumor_at_germline_SNPs.vcf.gz /project2/xinhe/alan/Cancer/testing_wgs/output/VCFs/DO30_11_tumor_at_germline_SNPs.vcf.gz /project2/xinhe/alan/Cancer/testing_wgs/output/VCFs/DO30_12_tumor_at_germline_SNPs.vcf.gz /project2/xinhe/alan/Cancer/testing_wgs/output/VCFs/DO30_13_tumor_at_germline_SNPs.vcf.gz /project2/xinhe/alan/Cancer/testing_wgs/output/VCFs/DO30_14_tumor_at_germline_SNPs.vcf.gz /project2/xinhe/alan/Cancer/testing_wgs/output/VCFs/DO30_15_tumor_at_germline_SNPs.vcf.gz /project2/xinhe/alan/Cancer/testing_wgs/output/VCFs/DO30_16_tumor_at_germline_SNPs.vcf.gz /project2/xinhe/alan/Cancer/testing_wgs/output/VCFs/DO30_17_tumor_at_germline_SNPs.vcf.gz /project2/xinhe/alan/Cancer/testing_wgs/output/VCFs/DO30_18_tumor_at_germline_SNPs.vcf.gz /project2/xinhe/alan/Cancer/testing_wgs/output/VCFs/DO30_19_tumor_at_germline_SNPs.vcf.gz /project2/xinhe/alan/Cancer/testing_wgs/output/VCFs/DO30_20_tumor_at_germline_SNPs.vcf.gz /project2/xinhe/alan/Cancer/testing_wgs/output/VCFs/DO30_21_tumor_at_germline_SNPs.vcf.gz /project2/xinhe/alan/Cancer/testing_wgs/output/VCFs/DO30_22_tumor_at_germline_SNPs.vcf.gz /project2/xinhe/alan/Cancer/testing_wgs/output/VCFs/DO30_X_tumor_at_germline_SNPs.vcf.gz /project2/xinhe/alan/Cancer/testing_wgs/output/VCFs/DO30_Y_tumor_at_germline_SNPs.vcf.gz | bcftools view --types snps | bcftools query -f '%CHROM,%POS,%REF,%ALT,[%I16
]' - | awk -F ',' '{ref=$5+$6; alt=$7+$8; print $1,$2,$3,ref,$4,alt}' | sed 's/ /	/g' - > /project2/xinhe/alan/Cancer/testing_wgs/output/DO30_tumor_Titan.txt
Submitted job 5 with external jobid 'Submitted batch job 57122576'.

[Wed Feb  6 19:09:06 2019]
rule concat_tumor_vcf_files:
    input: /project2/xinhe/alan/Cancer/testing_wgs/output/VCFs/DO30_1_tumor_at_germline_SNPs.vcf.gz, /project2/xinhe/alan/Cancer/testing_wgs/output/VCFs/DO30_2_tumor_at_germline_SNPs.vcf.gz, /project2/xinhe/alan/Cancer/testing_wgs/output/VCFs/DO30_3_tumor_at_germline_SNPs.vcf.gz, /project2/xinhe/alan/Cancer/testing_wgs/output/VCFs/DO30_4_tumor_at_germline_SNPs.vcf.gz, /project2/xinhe/alan/Cancer/testing_wgs/output/VCFs/DO30_5_tumor_at_germline_SNPs.vcf.gz, /project2/xinhe/alan/Cancer/testing_wgs/output/VCFs/DO30_6_tumor_at_germline_SNPs.vcf.gz, /project2/xinhe/alan/Cancer/testing_wgs/output/VCFs/DO30_7_tumor_at_germline_SNPs.vcf.gz, /project2/xinhe/alan/Cancer/testing_wgs/output/VCFs/DO30_8_tumor_at_germline_SNPs.vcf.gz, /project2/xinhe/alan/Cancer/testing_wgs/output/VCFs/DO30_9_tumor_at_germline_SNPs.vcf.gz, /project2/xinhe/alan/Cancer/testing_wgs/output/VCFs/DO30_10_tumor_at_germline_SNPs.vcf.gz, /project2/xinhe/alan/Cancer/testing_wgs/output/VCFs/DO30_11_tumor_at_germline_SNPs.vcf.gz, /project2/xinhe/alan/Cancer/testing_wgs/output/VCFs/DO30_12_tumor_at_germline_SNPs.vcf.gz, /project2/xinhe/alan/Cancer/testing_wgs/output/VCFs/DO30_13_tumor_at_germline_SNPs.vcf.gz, /project2/xinhe/alan/Cancer/testing_wgs/output/VCFs/DO30_14_tumor_at_germline_SNPs.vcf.gz, /project2/xinhe/alan/Cancer/testing_wgs/output/VCFs/DO30_15_tumor_at_germline_SNPs.vcf.gz, /project2/xinhe/alan/Cancer/testing_wgs/output/VCFs/DO30_16_tumor_at_germline_SNPs.vcf.gz, /project2/xinhe/alan/Cancer/testing_wgs/output/VCFs/DO30_17_tumor_at_germline_SNPs.vcf.gz, /project2/xinhe/alan/Cancer/testing_wgs/output/VCFs/DO30_18_tumor_at_germline_SNPs.vcf.gz, /project2/xinhe/alan/Cancer/testing_wgs/output/VCFs/DO30_19_tumor_at_germline_SNPs.vcf.gz, /project2/xinhe/alan/Cancer/testing_wgs/output/VCFs/DO30_20_tumor_at_germline_SNPs.vcf.gz, /project2/xinhe/alan/Cancer/testing_wgs/output/VCFs/DO30_21_tumor_at_germline_SNPs.vcf.gz, /project2/xinhe/alan/Cancer/testing_wgs/output/VCFs/DO30_22_tumor_at_germline_SNPs.vcf.gz, /project2/xinhe/alan/Cancer/testing_wgs/output/VCFs/DO30_X_tumor_at_germline_SNPs.vcf.gz, /project2/xinhe/alan/Cancer/testing_wgs/output/VCFs/DO30_Y_tumor_at_germline_SNPs.vcf.gz
    output: /project2/xinhe/alan/Cancer/testing_wgs/output/VCFs/DO30_tumor_Titan.txt
    jobid: 59
    reason: Missing output files: /project2/xinhe/alan/Cancer/testing_wgs/output/VCFs/DO30_tumor_Titan.txt; Input files updated by another job: /project2/xinhe/alan/Cancer/testing_wgs/output/VCFs/DO30_8_tumor_at_germline_SNPs.vcf.gz, /project2/xinhe/alan/Cancer/testing_wgs/output/VCFs/DO30_15_tumor_at_germline_SNPs.vcf.gz, /project2/xinhe/alan/Cancer/testing_wgs/output/VCFs/DO30_20_tumor_at_germline_SNPs.vcf.gz, /project2/xinhe/alan/Cancer/testing_wgs/output/VCFs/DO30_13_tumor_at_germline_SNPs.vcf.gz, /project2/xinhe/alan/Cancer/testing_wgs/output/VCFs/DO30_X_tumor_at_germline_SNPs.vcf.gz, /project2/xinhe/alan/Cancer/testing_wgs/output/VCFs/DO30_7_tumor_at_germline_SNPs.vcf.gz, /project2/xinhe/alan/Cancer/testing_wgs/output/VCFs/DO30_16_tumor_at_germline_SNPs.vcf.gz, /project2/xinhe/alan/Cancer/testing_wgs/output/VCFs/DO30_18_tumor_at_germline_SNPs.vcf.gz, /project2/xinhe/alan/Cancer/testing_wgs/output/VCFs/DO30_21_tumor_at_germline_SNPs.vcf.gz, /project2/xinhe/alan/Cancer/testing_wgs/output/VCFs/DO30_6_tumor_at_germline_SNPs.vcf.gz, /project2/xinhe/alan/Cancer/testing_wgs/output/VCFs/DO30_14_tumor_at_germline_SNPs.vcf.gz, /project2/xinhe/alan/Cancer/testing_wgs/output/VCFs/DO30_19_tumor_at_germline_SNPs.vcf.gz, /project2/xinhe/alan/Cancer/testing_wgs/output/VCFs/DO30_22_tumor_at_germline_SNPs.vcf.gz, /project2/xinhe/alan/Cancer/testing_wgs/output/VCFs/DO30_2_tumor_at_germline_SNPs.vcf.gz, /project2/xinhe/alan/Cancer/testing_wgs/output/VCFs/DO30_9_tumor_at_germline_SNPs.vcf.gz, /project2/xinhe/alan/Cancer/testing_wgs/output/VCFs/DO30_4_tumor_at_germline_SNPs.vcf.gz, /project2/xinhe/alan/Cancer/testing_wgs/output/VCFs/DO30_5_tumor_at_germline_SNPs.vcf.gz, /project2/xinhe/alan/Cancer/testing_wgs/output/VCFs/DO30_10_tumor_at_germline_SNPs.vcf.gz, /project2/xinhe/alan/Cancer/testing_wgs/output/VCFs/DO30_17_tumor_at_germline_SNPs.vcf.gz, /project2/xinhe/alan/Cancer/testing_wgs/output/VCFs/DO30_3_tumor_at_germline_SNPs.vcf.gz, /project2/xinhe/alan/Cancer/testing_wgs/output/VCFs/DO30_Y_tumor_at_germline_SNPs.vcf.gz, /project2/xinhe/alan/Cancer/testing_wgs/output/VCFs/DO30_12_tumor_at_germline_SNPs.vcf.gz, /project2/xinhe/alan/Cancer/testing_wgs/output/VCFs/DO30_11_tumor_at_germline_SNPs.vcf.gz, /project2/xinhe/alan/Cancer/testing_wgs/output/VCFs/DO30_1_tumor_at_germline_SNPs.vcf.gz
    wildcards: id=VCFs/DO30

bcftools concat /project2/xinhe/alan/Cancer/testing_wgs/output/VCFs/DO30_1_tumor_at_germline_SNPs.vcf.gz /project2/xinhe/alan/Cancer/testing_wgs/output/VCFs/DO30_2_tumor_at_germline_SNPs.vcf.gz /project2/xinhe/alan/Cancer/testing_wgs/output/VCFs/DO30_3_tumor_at_germline_SNPs.vcf.gz /project2/xinhe/alan/Cancer/testing_wgs/output/VCFs/DO30_4_tumor_at_germline_SNPs.vcf.gz /project2/xinhe/alan/Cancer/testing_wgs/output/VCFs/DO30_5_tumor_at_germline_SNPs.vcf.gz /project2/xinhe/alan/Cancer/testing_wgs/output/VCFs/DO30_6_tumor_at_germline_SNPs.vcf.gz /project2/xinhe/alan/Cancer/testing_wgs/output/VCFs/DO30_7_tumor_at_germline_SNPs.vcf.gz /project2/xinhe/alan/Cancer/testing_wgs/output/VCFs/DO30_8_tumor_at_germline_SNPs.vcf.gz /project2/xinhe/alan/Cancer/testing_wgs/output/VCFs/DO30_9_tumor_at_germline_SNPs.vcf.gz /project2/xinhe/alan/Cancer/testing_wgs/output/VCFs/DO30_10_tumor_at_germline_SNPs.vcf.gz /project2/xinhe/alan/Cancer/testing_wgs/output/VCFs/DO30_11_tumor_at_germline_SNPs.vcf.gz /project2/xinhe/alan/Cancer/testing_wgs/output/VCFs/DO30_12_tumor_at_germline_SNPs.vcf.gz /project2/xinhe/alan/Cancer/testing_wgs/output/VCFs/DO30_13_tumor_at_germline_SNPs.vcf.gz /project2/xinhe/alan/Cancer/testing_wgs/output/VCFs/DO30_14_tumor_at_germline_SNPs.vcf.gz /project2/xinhe/alan/Cancer/testing_wgs/output/VCFs/DO30_15_tumor_at_germline_SNPs.vcf.gz /project2/xinhe/alan/Cancer/testing_wgs/output/VCFs/DO30_16_tumor_at_germline_SNPs.vcf.gz /project2/xinhe/alan/Cancer/testing_wgs/output/VCFs/DO30_17_tumor_at_germline_SNPs.vcf.gz /project2/xinhe/alan/Cancer/testing_wgs/output/VCFs/DO30_18_tumor_at_germline_SNPs.vcf.gz /project2/xinhe/alan/Cancer/testing_wgs/output/VCFs/DO30_19_tumor_at_germline_SNPs.vcf.gz /project2/xinhe/alan/Cancer/testing_wgs/output/VCFs/DO30_20_tumor_at_germline_SNPs.vcf.gz /project2/xinhe/alan/Cancer/testing_wgs/output/VCFs/DO30_21_tumor_at_germline_SNPs.vcf.gz /project2/xinhe/alan/Cancer/testing_wgs/output/VCFs/DO30_22_tumor_at_germline_SNPs.vcf.gz /project2/xinhe/alan/Cancer/testing_wgs/output/VCFs/DO30_X_tumor_at_germline_SNPs.vcf.gz /project2/xinhe/alan/Cancer/testing_wgs/output/VCFs/DO30_Y_tumor_at_germline_SNPs.vcf.gz | bcftools view --types snps | bcftools query -f '%CHROM,%POS,%REF,%ALT,[%I16
]' - | awk -F ',' '{ref=$5+$6; alt=$7+$8; print $1,$2,$3,ref,$4,alt}' | sed 's/ /	/g' - > /project2/xinhe/alan/Cancer/testing_wgs/output/VCFs/DO30_tumor_Titan.txt
Submitted job 59 with external jobid 'Submitted batch job 57122577'.
[Wed Feb  6 19:09:35 2019]
Finished job 34.
25 of 31 steps (81%) done

[Wed Feb  6 19:09:35 2019]
rule keep_pass_SNPs:
    input: /project2/xinhe/alan/Cancer/testing_wgs/output/VCFs/DO30_somatic_SNPs_Indels_filtered.vcf.gz
    output: /project2/xinhe/alan/Cancer/testing_wgs/output/VCFs/DO30_somatic_SNPs_filtered.vcf.gz
    jobid: 4
    reason: Missing output files: /project2/xinhe/alan/Cancer/testing_wgs/output/VCFs/DO30_somatic_SNPs_filtered.vcf.gz; Input files updated by another job: /project2/xinhe/alan/Cancer/testing_wgs/output/VCFs/DO30_somatic_SNPs_Indels_filtered.vcf.gz
    wildcards: id=DO30

gatk SelectVariants -R /project2/xinhe/alan/Cancer/refGenome/genome.fa --variant /project2/xinhe/alan/Cancer/testing_wgs/output/VCFs/DO30_somatic_SNPs_Indels_filtered.vcf.gz -O /project2/xinhe/alan/Cancer/testing_wgs/output/VCFs/DO30_somatic_SNPs_filtered.vcf.gz --select-type-to-exclude INDEL --restrict-alleles-to BIALLELIC --exclude-filtered
[Wed Feb  6 19:09:35 2019]
Error in rule concat_tumor_vcf_files:
    jobid: 5
    output: /project2/xinhe/alan/Cancer/testing_wgs/output/DO30_tumor_Titan.txt
    cluster_jobid: Submitted batch job 57122576

[Wed Feb  6 19:09:35 2019]
Error in rule concat_tumor_vcf_files:
    jobid: 59
    output: /project2/xinhe/alan/Cancer/testing_wgs/output/VCFs/DO30_tumor_Titan.txt
    cluster_jobid: Submitted batch job 57122577

Submitted job 4 with external jobid 'Submitted batch job 57122585'.
[Wed Feb  6 19:10:05 2019]
Finished job 4.
26 of 31 steps (84%) done
Shutting down, this might take some time.
Exiting because a job execution failed. Look above for error message
Complete log: /project2/xinhe/alan/Cancer/wgs_pipeline/.snakemake/log/2019-02-06T190758.919219.snakemake.log
