Building DAG of jobs...
Using shell: /bin/bash
Provided cluster nodes: 12
Job counts:
	count	jobs
	1	all
	1	call_somatic_cnvs
	1	clean_up_and_finish
	1	concat_filter_vcf_files
	2	concat_tumor_vcf_files
	1	filter_somatic_calls
	19	get_germline_SNP_pos
	1	keep_pass_SNPs
	24	tumor_VCF_at_germline_SNPs
	51

[Wed Feb  6 19:03:59 2019]
rule get_germline_SNP_pos:
    input: /project2/xinhe/alan/Cancer/testing_wgs/output/VCFs/DO30_10_germline_SNPS_unfiltered.vcf.gz
    output: /project2/xinhe/alan/Cancer/testing_wgs/output/VCFs/DO30_10_germline_SNPs_VARIANT_POS.txt
    jobid: 70
    reason: Missing output files: /project2/xinhe/alan/Cancer/testing_wgs/output/VCFs/DO30_10_germline_SNPs_VARIANT_POS.txt
    wildcards: id=DO30, chr=10

bcftools query -f '%CHROM 	 %POS' /project2/xinhe/alan/Cancer/testing_wgs/output/VCFs/DO30_10_germline_SNPS_unfiltered.vcf.gz > /project2/xinhe/alan/Cancer/testing_wgs/output/VCFs/DO30_10_germline_SNPs_VARIANT_POS.txt
Submitted job 70 with external jobid 'Submitted batch job 57122493'.

[Wed Feb  6 19:04:00 2019]
rule get_germline_SNP_pos:
    input: /project2/xinhe/alan/Cancer/testing_wgs/output/VCFs/DO30_13_germline_SNPS_unfiltered.vcf.gz
    output: /project2/xinhe/alan/Cancer/testing_wgs/output/VCFs/DO30_13_germline_SNPs_VARIANT_POS.txt
    jobid: 73
    reason: Missing output files: /project2/xinhe/alan/Cancer/testing_wgs/output/VCFs/DO30_13_germline_SNPs_VARIANT_POS.txt
    wildcards: id=DO30, chr=13

bcftools query -f '%CHROM 	 %POS' /project2/xinhe/alan/Cancer/testing_wgs/output/VCFs/DO30_13_germline_SNPS_unfiltered.vcf.gz > /project2/xinhe/alan/Cancer/testing_wgs/output/VCFs/DO30_13_germline_SNPs_VARIANT_POS.txt
Submitted job 73 with external jobid 'Submitted batch job 57122494'.

[Wed Feb  6 19:04:00 2019]
rule get_germline_SNP_pos:
    input: /project2/xinhe/alan/Cancer/testing_wgs/output/VCFs/DO30_5_germline_SNPS_unfiltered.vcf.gz
    output: /project2/xinhe/alan/Cancer/testing_wgs/output/VCFs/DO30_5_germline_SNPs_VARIANT_POS.txt
    jobid: 65
    reason: Missing output files: /project2/xinhe/alan/Cancer/testing_wgs/output/VCFs/DO30_5_germline_SNPs_VARIANT_POS.txt
    wildcards: id=DO30, chr=5

bcftools query -f '%CHROM 	 %POS' /project2/xinhe/alan/Cancer/testing_wgs/output/VCFs/DO30_5_germline_SNPS_unfiltered.vcf.gz > /project2/xinhe/alan/Cancer/testing_wgs/output/VCFs/DO30_5_germline_SNPs_VARIANT_POS.txt
Submitted job 65 with external jobid 'Submitted batch job 57122495'.

[Wed Feb  6 19:04:00 2019]
rule get_germline_SNP_pos:
    input: /project2/xinhe/alan/Cancer/testing_wgs/output/VCFs/DO30_16_germline_SNPS_unfiltered.vcf.gz
    output: /project2/xinhe/alan/Cancer/testing_wgs/output/VCFs/DO30_16_germline_SNPs_VARIANT_POS.txt
    jobid: 76
    reason: Missing output files: /project2/xinhe/alan/Cancer/testing_wgs/output/VCFs/DO30_16_germline_SNPs_VARIANT_POS.txt
    wildcards: id=DO30, chr=16

bcftools query -f '%CHROM 	 %POS' /project2/xinhe/alan/Cancer/testing_wgs/output/VCFs/DO30_16_germline_SNPS_unfiltered.vcf.gz > /project2/xinhe/alan/Cancer/testing_wgs/output/VCFs/DO30_16_germline_SNPs_VARIANT_POS.txt
Submitted job 76 with external jobid 'Submitted batch job 57122496'.

[Wed Feb  6 19:04:00 2019]
rule get_germline_SNP_pos:
    input: /project2/xinhe/alan/Cancer/testing_wgs/output/VCFs/DO30_19_germline_SNPS_unfiltered.vcf.gz
    output: /project2/xinhe/alan/Cancer/testing_wgs/output/VCFs/DO30_19_germline_SNPs_VARIANT_POS.txt
    jobid: 79
    reason: Missing output files: /project2/xinhe/alan/Cancer/testing_wgs/output/VCFs/DO30_19_germline_SNPs_VARIANT_POS.txt
    wildcards: id=DO30, chr=19

bcftools query -f '%CHROM 	 %POS' /project2/xinhe/alan/Cancer/testing_wgs/output/VCFs/DO30_19_germline_SNPS_unfiltered.vcf.gz > /project2/xinhe/alan/Cancer/testing_wgs/output/VCFs/DO30_19_germline_SNPs_VARIANT_POS.txt
Submitted job 79 with external jobid 'Submitted batch job 57122497'.

[Wed Feb  6 19:04:00 2019]
rule concat_filter_vcf_files:
    input: /project2/xinhe/alan/Cancer/testing_wgs/output/VCFs/DO30_1_germline_SNPS_unfiltered.vcf.gz, /project2/xinhe/alan/Cancer/testing_wgs/output/VCFs/DO30_2_germline_SNPS_unfiltered.vcf.gz, /project2/xinhe/alan/Cancer/testing_wgs/output/VCFs/DO30_3_germline_SNPS_unfiltered.vcf.gz, /project2/xinhe/alan/Cancer/testing_wgs/output/VCFs/DO30_4_germline_SNPS_unfiltered.vcf.gz, /project2/xinhe/alan/Cancer/testing_wgs/output/VCFs/DO30_5_germline_SNPS_unfiltered.vcf.gz, /project2/xinhe/alan/Cancer/testing_wgs/output/VCFs/DO30_6_germline_SNPS_unfiltered.vcf.gz, /project2/xinhe/alan/Cancer/testing_wgs/output/VCFs/DO30_7_germline_SNPS_unfiltered.vcf.gz, /project2/xinhe/alan/Cancer/testing_wgs/output/VCFs/DO30_8_germline_SNPS_unfiltered.vcf.gz, /project2/xinhe/alan/Cancer/testing_wgs/output/VCFs/DO30_9_germline_SNPS_unfiltered.vcf.gz, /project2/xinhe/alan/Cancer/testing_wgs/output/VCFs/DO30_10_germline_SNPS_unfiltered.vcf.gz, /project2/xinhe/alan/Cancer/testing_wgs/output/VCFs/DO30_11_germline_SNPS_unfiltered.vcf.gz, /project2/xinhe/alan/Cancer/testing_wgs/output/VCFs/DO30_12_germline_SNPS_unfiltered.vcf.gz, /project2/xinhe/alan/Cancer/testing_wgs/output/VCFs/DO30_13_germline_SNPS_unfiltered.vcf.gz, /project2/xinhe/alan/Cancer/testing_wgs/output/VCFs/DO30_14_germline_SNPS_unfiltered.vcf.gz, /project2/xinhe/alan/Cancer/testing_wgs/output/VCFs/DO30_15_germline_SNPS_unfiltered.vcf.gz, /project2/xinhe/alan/Cancer/testing_wgs/output/VCFs/DO30_16_germline_SNPS_unfiltered.vcf.gz, /project2/xinhe/alan/Cancer/testing_wgs/output/VCFs/DO30_17_germline_SNPS_unfiltered.vcf.gz, /project2/xinhe/alan/Cancer/testing_wgs/output/VCFs/DO30_18_germline_SNPS_unfiltered.vcf.gz, /project2/xinhe/alan/Cancer/testing_wgs/output/VCFs/DO30_19_germline_SNPS_unfiltered.vcf.gz, /project2/xinhe/alan/Cancer/testing_wgs/output/VCFs/DO30_20_germline_SNPS_unfiltered.vcf.gz, /project2/xinhe/alan/Cancer/testing_wgs/output/VCFs/DO30_21_germline_SNPS_unfiltered.vcf.gz, /project2/xinhe/alan/Cancer/testing_wgs/output/VCFs/DO30_22_germline_SNPS_unfiltered.vcf.gz, /project2/xinhe/alan/Cancer/testing_wgs/output/VCFs/DO30_X_germline_SNPS_unfiltered.vcf.gz, /project2/xinhe/alan/Cancer/testing_wgs/output/VCFs/DO30_Y_germline_SNPS_unfiltered.vcf.gz
    output: /project2/xinhe/alan/Cancer/testing_wgs/output/VCFs/DO30_germline_het_SNPs.vcf.gz
    jobid: 3
    reason: Missing output files: /project2/xinhe/alan/Cancer/testing_wgs/output/VCFs/DO30_germline_het_SNPs.vcf.gz
    wildcards: id=DO30

bcftools concat /project2/xinhe/alan/Cancer/testing_wgs/output/VCFs/DO30_1_germline_SNPS_unfiltered.vcf.gz /project2/xinhe/alan/Cancer/testing_wgs/output/VCFs/DO30_2_germline_SNPS_unfiltered.vcf.gz /project2/xinhe/alan/Cancer/testing_wgs/output/VCFs/DO30_3_germline_SNPS_unfiltered.vcf.gz /project2/xinhe/alan/Cancer/testing_wgs/output/VCFs/DO30_4_germline_SNPS_unfiltered.vcf.gz /project2/xinhe/alan/Cancer/testing_wgs/output/VCFs/DO30_5_germline_SNPS_unfiltered.vcf.gz /project2/xinhe/alan/Cancer/testing_wgs/output/VCFs/DO30_6_germline_SNPS_unfiltered.vcf.gz /project2/xinhe/alan/Cancer/testing_wgs/output/VCFs/DO30_7_germline_SNPS_unfiltered.vcf.gz /project2/xinhe/alan/Cancer/testing_wgs/output/VCFs/DO30_8_germline_SNPS_unfiltered.vcf.gz /project2/xinhe/alan/Cancer/testing_wgs/output/VCFs/DO30_9_germline_SNPS_unfiltered.vcf.gz /project2/xinhe/alan/Cancer/testing_wgs/output/VCFs/DO30_10_germline_SNPS_unfiltered.vcf.gz /project2/xinhe/alan/Cancer/testing_wgs/output/VCFs/DO30_11_germline_SNPS_unfiltered.vcf.gz /project2/xinhe/alan/Cancer/testing_wgs/output/VCFs/DO30_12_germline_SNPS_unfiltered.vcf.gz /project2/xinhe/alan/Cancer/testing_wgs/output/VCFs/DO30_13_germline_SNPS_unfiltered.vcf.gz /project2/xinhe/alan/Cancer/testing_wgs/output/VCFs/DO30_14_germline_SNPS_unfiltered.vcf.gz /project2/xinhe/alan/Cancer/testing_wgs/output/VCFs/DO30_15_germline_SNPS_unfiltered.vcf.gz /project2/xinhe/alan/Cancer/testing_wgs/output/VCFs/DO30_16_germline_SNPS_unfiltered.vcf.gz /project2/xinhe/alan/Cancer/testing_wgs/output/VCFs/DO30_17_germline_SNPS_unfiltered.vcf.gz /project2/xinhe/alan/Cancer/testing_wgs/output/VCFs/DO30_18_germline_SNPS_unfiltered.vcf.gz /project2/xinhe/alan/Cancer/testing_wgs/output/VCFs/DO30_19_germline_SNPS_unfiltered.vcf.gz /project2/xinhe/alan/Cancer/testing_wgs/output/VCFs/DO30_20_germline_SNPS_unfiltered.vcf.gz /project2/xinhe/alan/Cancer/testing_wgs/output/VCFs/DO30_21_germline_SNPS_unfiltered.vcf.gz /project2/xinhe/alan/Cancer/testing_wgs/output/VCFs/DO30_22_germline_SNPS_unfiltered.vcf.gz /project2/xinhe/alan/Cancer/testing_wgs/output/VCFs/DO30_X_germline_SNPS_unfiltered.vcf.gz /project2/xinhe/alan/Cancer/testing_wgs/output/VCFs/DO30_Y_germline_SNPS_unfiltered.vcf.gz | bcftools view --types snps | bcftools filter --include "GT='0/1'" | gzip -c > /project2/xinhe/alan/Cancer/testing_wgs/output/VCFs/DO30_germline_het_SNPs.vcf.gz
Submitted job 3 with external jobid 'Submitted batch job 57122498'.

[Wed Feb  6 19:04:01 2019]
rule get_germline_SNP_pos:
    input: /project2/xinhe/alan/Cancer/testing_wgs/output/VCFs/DO30_X_germline_SNPS_unfiltered.vcf.gz
    output: /project2/xinhe/alan/Cancer/testing_wgs/output/VCFs/DO30_X_germline_SNPs_VARIANT_POS.txt
    jobid: 83
    reason: Missing output files: /project2/xinhe/alan/Cancer/testing_wgs/output/VCFs/DO30_X_germline_SNPs_VARIANT_POS.txt
    wildcards: id=DO30, chr=X

bcftools query -f '%CHROM 	 %POS' /project2/xinhe/alan/Cancer/testing_wgs/output/VCFs/DO30_X_germline_SNPS_unfiltered.vcf.gz > /project2/xinhe/alan/Cancer/testing_wgs/output/VCFs/DO30_X_germline_SNPs_VARIANT_POS.txt
Submitted job 83 with external jobid 'Submitted batch job 57122499'.

[Wed Feb  6 19:04:01 2019]
rule get_germline_SNP_pos:
    input: /project2/xinhe/alan/Cancer/testing_wgs/output/VCFs/DO30_Y_germline_SNPS_unfiltered.vcf.gz
    output: /project2/xinhe/alan/Cancer/testing_wgs/output/VCFs/DO30_Y_germline_SNPs_VARIANT_POS.txt
    jobid: 84
    reason: Missing output files: /project2/xinhe/alan/Cancer/testing_wgs/output/VCFs/DO30_Y_germline_SNPs_VARIANT_POS.txt
    wildcards: id=DO30, chr=Y

bcftools query -f '%CHROM 	 %POS' /project2/xinhe/alan/Cancer/testing_wgs/output/VCFs/DO30_Y_germline_SNPS_unfiltered.vcf.gz > /project2/xinhe/alan/Cancer/testing_wgs/output/VCFs/DO30_Y_germline_SNPs_VARIANT_POS.txt
Submitted job 84 with external jobid 'Submitted batch job 57122500'.

[Wed Feb  6 19:04:01 2019]
rule get_germline_SNP_pos:
    input: /project2/xinhe/alan/Cancer/testing_wgs/output/VCFs/DO30_22_germline_SNPS_unfiltered.vcf.gz
    output: /project2/xinhe/alan/Cancer/testing_wgs/output/VCFs/DO30_22_germline_SNPs_VARIANT_POS.txt
    jobid: 82
    reason: Missing output files: /project2/xinhe/alan/Cancer/testing_wgs/output/VCFs/DO30_22_germline_SNPs_VARIANT_POS.txt
    wildcards: id=DO30, chr=22

bcftools query -f '%CHROM 	 %POS' /project2/xinhe/alan/Cancer/testing_wgs/output/VCFs/DO30_22_germline_SNPS_unfiltered.vcf.gz > /project2/xinhe/alan/Cancer/testing_wgs/output/VCFs/DO30_22_germline_SNPs_VARIANT_POS.txt
Submitted job 82 with external jobid 'Submitted batch job 57122501'.

[Wed Feb  6 19:04:01 2019]
rule get_germline_SNP_pos:
    input: /project2/xinhe/alan/Cancer/testing_wgs/output/VCFs/DO30_12_germline_SNPS_unfiltered.vcf.gz
    output: /project2/xinhe/alan/Cancer/testing_wgs/output/VCFs/DO30_12_germline_SNPs_VARIANT_POS.txt
    jobid: 72
    reason: Missing output files: /project2/xinhe/alan/Cancer/testing_wgs/output/VCFs/DO30_12_germline_SNPs_VARIANT_POS.txt
    wildcards: id=DO30, chr=12

bcftools query -f '%CHROM 	 %POS' /project2/xinhe/alan/Cancer/testing_wgs/output/VCFs/DO30_12_germline_SNPS_unfiltered.vcf.gz > /project2/xinhe/alan/Cancer/testing_wgs/output/VCFs/DO30_12_germline_SNPs_VARIANT_POS.txt
Submitted job 72 with external jobid 'Submitted batch job 57122502'.

[Wed Feb  6 19:04:03 2019]
rule get_germline_SNP_pos:
    input: /project2/xinhe/alan/Cancer/testing_wgs/output/VCFs/DO30_17_germline_SNPS_unfiltered.vcf.gz
    output: /project2/xinhe/alan/Cancer/testing_wgs/output/VCFs/DO30_17_germline_SNPs_VARIANT_POS.txt
    jobid: 77
    reason: Missing output files: /project2/xinhe/alan/Cancer/testing_wgs/output/VCFs/DO30_17_germline_SNPs_VARIANT_POS.txt
    wildcards: id=DO30, chr=17

bcftools query -f '%CHROM 	 %POS' /project2/xinhe/alan/Cancer/testing_wgs/output/VCFs/DO30_17_germline_SNPS_unfiltered.vcf.gz > /project2/xinhe/alan/Cancer/testing_wgs/output/VCFs/DO30_17_germline_SNPs_VARIANT_POS.txt
Submitted job 77 with external jobid 'Submitted batch job 57122503'.

[Wed Feb  6 19:04:03 2019]
rule get_germline_SNP_pos:
    input: /project2/xinhe/alan/Cancer/testing_wgs/output/VCFs/DO30_14_germline_SNPS_unfiltered.vcf.gz
    output: /project2/xinhe/alan/Cancer/testing_wgs/output/VCFs/DO30_14_germline_SNPs_VARIANT_POS.txt
    jobid: 74
    reason: Missing output files: /project2/xinhe/alan/Cancer/testing_wgs/output/VCFs/DO30_14_germline_SNPs_VARIANT_POS.txt
    wildcards: id=DO30, chr=14

bcftools query -f '%CHROM 	 %POS' /project2/xinhe/alan/Cancer/testing_wgs/output/VCFs/DO30_14_germline_SNPS_unfiltered.vcf.gz > /project2/xinhe/alan/Cancer/testing_wgs/output/VCFs/DO30_14_germline_SNPs_VARIANT_POS.txt
Submitted job 74 with external jobid 'Submitted batch job 57122504'.
[Wed Feb  6 19:04:31 2019]
Finished job 70.
1 of 51 steps (2%) done

[Wed Feb  6 19:04:31 2019]
rule get_germline_SNP_pos:
    input: /project2/xinhe/alan/Cancer/testing_wgs/output/VCFs/DO30_9_germline_SNPS_unfiltered.vcf.gz
    output: /project2/xinhe/alan/Cancer/testing_wgs/output/VCFs/DO30_9_germline_SNPs_VARIANT_POS.txt
    jobid: 69
    reason: Missing output files: /project2/xinhe/alan/Cancer/testing_wgs/output/VCFs/DO30_9_germline_SNPs_VARIANT_POS.txt
    wildcards: id=DO30, chr=9

bcftools query -f '%CHROM 	 %POS' /project2/xinhe/alan/Cancer/testing_wgs/output/VCFs/DO30_9_germline_SNPS_unfiltered.vcf.gz > /project2/xinhe/alan/Cancer/testing_wgs/output/VCFs/DO30_9_germline_SNPs_VARIANT_POS.txt
[Wed Feb  6 19:04:31 2019]
Finished job 73.
2 of 51 steps (4%) done
[Wed Feb  6 19:04:31 2019]
Finished job 65.
3 of 51 steps (6%) done
[Wed Feb  6 19:04:31 2019]
Finished job 76.
4 of 51 steps (8%) done
[Wed Feb  6 19:04:31 2019]
Finished job 79.
5 of 51 steps (10%) done
[Wed Feb  6 19:04:31 2019]
Finished job 83.
6 of 51 steps (12%) done
[Wed Feb  6 19:04:31 2019]
Finished job 84.
7 of 51 steps (14%) done
[Wed Feb  6 19:04:31 2019]
Finished job 82.
8 of 51 steps (16%) done
[Wed Feb  6 19:04:31 2019]
Finished job 72.
9 of 51 steps (18%) done
Submitted job 69 with external jobid 'Submitted batch job 57122507'.

[Wed Feb  6 19:04:31 2019]
rule tumor_VCF_at_germline_SNPs:
    input: /project2/xinhe/alan/Cancer/testing_wgs/output/VCFs/DO30_12_germline_SNPs_VARIANT_POS.txt, /project2/xinhe/alan/Cancer/testing_wgs/output/DO30_tumor_sorted_dedupped.bam
    output: /project2/xinhe/alan/Cancer/testing_wgs/output/VCFs/DO30_12_tumor_at_germline_SNPs.vcf.gz
    jobid: 46
    reason: Missing output files: /project2/xinhe/alan/Cancer/testing_wgs/output/VCFs/DO30_12_tumor_at_germline_SNPs.vcf.gz; Input files updated by another job: /project2/xinhe/alan/Cancer/testing_wgs/output/VCFs/DO30_12_germline_SNPs_VARIANT_POS.txt
    wildcards: id=DO30, chr=12

cp /project2/xinhe/alan/Cancer/testing_wgs/output/VCFs/DO30_12_germline_SNPs_VARIANT_POS.txt /project2/xinhe/alan/Cancer/testing_wgs/output/DO30_tumor_sorted_dedupped.bam /project2/xinhe/alan/Cancer/testing_wgs/output/VCFs/DO30_12_tumor_at_germline_SNPs.vcf.gz
Submitted job 46 with external jobid 'Submitted batch job 57122508'.

[Wed Feb  6 19:04:31 2019]
rule get_germline_SNP_pos:
    input: /project2/xinhe/alan/Cancer/testing_wgs/output/VCFs/DO30_6_germline_SNPS_unfiltered.vcf.gz
    output: /project2/xinhe/alan/Cancer/testing_wgs/output/VCFs/DO30_6_germline_SNPs_VARIANT_POS.txt
    jobid: 66
    reason: Missing output files: /project2/xinhe/alan/Cancer/testing_wgs/output/VCFs/DO30_6_germline_SNPs_VARIANT_POS.txt
    wildcards: id=DO30, chr=6

bcftools query -f '%CHROM 	 %POS' /project2/xinhe/alan/Cancer/testing_wgs/output/VCFs/DO30_6_germline_SNPS_unfiltered.vcf.gz > /project2/xinhe/alan/Cancer/testing_wgs/output/VCFs/DO30_6_germline_SNPs_VARIANT_POS.txt
Submitted job 66 with external jobid 'Submitted batch job 57122509'.

[Wed Feb  6 19:04:31 2019]
rule get_germline_SNP_pos:
    input: /project2/xinhe/alan/Cancer/testing_wgs/output/VCFs/DO30_7_germline_SNPS_unfiltered.vcf.gz
    output: /project2/xinhe/alan/Cancer/testing_wgs/output/VCFs/DO30_7_germline_SNPs_VARIANT_POS.txt
    jobid: 67
    reason: Missing output files: /project2/xinhe/alan/Cancer/testing_wgs/output/VCFs/DO30_7_germline_SNPs_VARIANT_POS.txt
    wildcards: id=DO30, chr=7

bcftools query -f '%CHROM 	 %POS' /project2/xinhe/alan/Cancer/testing_wgs/output/VCFs/DO30_7_germline_SNPS_unfiltered.vcf.gz > /project2/xinhe/alan/Cancer/testing_wgs/output/VCFs/DO30_7_germline_SNPs_VARIANT_POS.txt
Submitted job 67 with external jobid 'Submitted batch job 57122510'.

[Wed Feb  6 19:04:31 2019]
rule get_germline_SNP_pos:
    input: /project2/xinhe/alan/Cancer/testing_wgs/output/VCFs/DO30_4_germline_SNPS_unfiltered.vcf.gz
    output: /project2/xinhe/alan/Cancer/testing_wgs/output/VCFs/DO30_4_germline_SNPs_VARIANT_POS.txt
    jobid: 64
    reason: Missing output files: /project2/xinhe/alan/Cancer/testing_wgs/output/VCFs/DO30_4_germline_SNPs_VARIANT_POS.txt
    wildcards: id=DO30, chr=4

bcftools query -f '%CHROM 	 %POS' /project2/xinhe/alan/Cancer/testing_wgs/output/VCFs/DO30_4_germline_SNPS_unfiltered.vcf.gz > /project2/xinhe/alan/Cancer/testing_wgs/output/VCFs/DO30_4_germline_SNPs_VARIANT_POS.txt
Submitted job 64 with external jobid 'Submitted batch job 57122511'.

[Wed Feb  6 19:04:31 2019]
rule get_germline_SNP_pos:
    input: /project2/xinhe/alan/Cancer/testing_wgs/output/VCFs/DO30_8_germline_SNPS_unfiltered.vcf.gz
    output: /project2/xinhe/alan/Cancer/testing_wgs/output/VCFs/DO30_8_germline_SNPs_VARIANT_POS.txt
    jobid: 68
    reason: Missing output files: /project2/xinhe/alan/Cancer/testing_wgs/output/VCFs/DO30_8_germline_SNPs_VARIANT_POS.txt
    wildcards: id=DO30, chr=8

bcftools query -f '%CHROM 	 %POS' /project2/xinhe/alan/Cancer/testing_wgs/output/VCFs/DO30_8_germline_SNPS_unfiltered.vcf.gz > /project2/xinhe/alan/Cancer/testing_wgs/output/VCFs/DO30_8_germline_SNPs_VARIANT_POS.txt
Submitted job 68 with external jobid 'Submitted batch job 57122512'.

[Wed Feb  6 19:04:31 2019]
rule get_germline_SNP_pos:
    input: /project2/xinhe/alan/Cancer/testing_wgs/output/VCFs/DO30_2_germline_SNPS_unfiltered.vcf.gz
    output: /project2/xinhe/alan/Cancer/testing_wgs/output/VCFs/DO30_2_germline_SNPs_VARIANT_POS.txt
    jobid: 62
    reason: Missing output files: /project2/xinhe/alan/Cancer/testing_wgs/output/VCFs/DO30_2_germline_SNPs_VARIANT_POS.txt
    wildcards: id=DO30, chr=2

bcftools query -f '%CHROM 	 %POS' /project2/xinhe/alan/Cancer/testing_wgs/output/VCFs/DO30_2_germline_SNPS_unfiltered.vcf.gz > /project2/xinhe/alan/Cancer/testing_wgs/output/VCFs/DO30_2_germline_SNPs_VARIANT_POS.txt
Submitted job 62 with external jobid 'Submitted batch job 57122513'.

[Wed Feb  6 19:04:31 2019]
rule get_germline_SNP_pos:
    input: /project2/xinhe/alan/Cancer/testing_wgs/output/VCFs/DO30_15_germline_SNPS_unfiltered.vcf.gz
    output: /project2/xinhe/alan/Cancer/testing_wgs/output/VCFs/DO30_15_germline_SNPs_VARIANT_POS.txt
    jobid: 75
    reason: Missing output files: /project2/xinhe/alan/Cancer/testing_wgs/output/VCFs/DO30_15_germline_SNPs_VARIANT_POS.txt
    wildcards: id=DO30, chr=15

bcftools query -f '%CHROM 	 %POS' /project2/xinhe/alan/Cancer/testing_wgs/output/VCFs/DO30_15_germline_SNPS_unfiltered.vcf.gz > /project2/xinhe/alan/Cancer/testing_wgs/output/VCFs/DO30_15_germline_SNPs_VARIANT_POS.txt
Submitted job 75 with external jobid 'Submitted batch job 57122514'.

[Wed Feb  6 19:04:31 2019]
rule get_germline_SNP_pos:
    input: /project2/xinhe/alan/Cancer/testing_wgs/output/VCFs/DO30_3_germline_SNPS_unfiltered.vcf.gz
    output: /project2/xinhe/alan/Cancer/testing_wgs/output/VCFs/DO30_3_germline_SNPs_VARIANT_POS.txt
    jobid: 63
    reason: Missing output files: /project2/xinhe/alan/Cancer/testing_wgs/output/VCFs/DO30_3_germline_SNPs_VARIANT_POS.txt
    wildcards: id=DO30, chr=3

bcftools query -f '%CHROM 	 %POS' /project2/xinhe/alan/Cancer/testing_wgs/output/VCFs/DO30_3_germline_SNPS_unfiltered.vcf.gz > /project2/xinhe/alan/Cancer/testing_wgs/output/VCFs/DO30_3_germline_SNPs_VARIANT_POS.txt
Submitted job 63 with external jobid 'Submitted batch job 57122515'.
[Wed Feb  6 19:04:32 2019]
Finished job 77.
10 of 51 steps (20%) done

[Wed Feb  6 19:04:32 2019]
rule tumor_VCF_at_germline_SNPs:
    input: /project2/xinhe/alan/Cancer/testing_wgs/output/VCFs/DO30_17_germline_SNPs_VARIANT_POS.txt, /project2/xinhe/alan/Cancer/testing_wgs/output/DO30_tumor_sorted_dedupped.bam
    output: /project2/xinhe/alan/Cancer/testing_wgs/output/VCFs/DO30_17_tumor_at_germline_SNPs.vcf.gz
    jobid: 51
    reason: Missing output files: /project2/xinhe/alan/Cancer/testing_wgs/output/VCFs/DO30_17_tumor_at_germline_SNPs.vcf.gz; Input files updated by another job: /project2/xinhe/alan/Cancer/testing_wgs/output/VCFs/DO30_17_germline_SNPs_VARIANT_POS.txt
    wildcards: id=DO30, chr=17

cp /project2/xinhe/alan/Cancer/testing_wgs/output/VCFs/DO30_17_germline_SNPs_VARIANT_POS.txt /project2/xinhe/alan/Cancer/testing_wgs/output/DO30_tumor_sorted_dedupped.bam /project2/xinhe/alan/Cancer/testing_wgs/output/VCFs/DO30_17_tumor_at_germline_SNPs.vcf.gz
[Wed Feb  6 19:04:32 2019]
Finished job 74.
11 of 51 steps (22%) done
Submitted job 51 with external jobid 'Submitted batch job 57122516'.

[Wed Feb  6 19:04:32 2019]
rule tumor_VCF_at_germline_SNPs:
    input: /project2/xinhe/alan/Cancer/testing_wgs/output/VCFs/DO30_14_germline_SNPs_VARIANT_POS.txt, /project2/xinhe/alan/Cancer/testing_wgs/output/DO30_tumor_sorted_dedupped.bam
    output: /project2/xinhe/alan/Cancer/testing_wgs/output/VCFs/DO30_14_tumor_at_germline_SNPs.vcf.gz
    jobid: 48
    reason: Missing output files: /project2/xinhe/alan/Cancer/testing_wgs/output/VCFs/DO30_14_tumor_at_germline_SNPs.vcf.gz; Input files updated by another job: /project2/xinhe/alan/Cancer/testing_wgs/output/VCFs/DO30_14_germline_SNPs_VARIANT_POS.txt
    wildcards: id=DO30, chr=14

cp /project2/xinhe/alan/Cancer/testing_wgs/output/VCFs/DO30_14_germline_SNPs_VARIANT_POS.txt /project2/xinhe/alan/Cancer/testing_wgs/output/DO30_tumor_sorted_dedupped.bam /project2/xinhe/alan/Cancer/testing_wgs/output/VCFs/DO30_14_tumor_at_germline_SNPs.vcf.gz
Submitted job 48 with external jobid 'Submitted batch job 57122517'.
Removing temporary output file /project2/xinhe/alan/Cancer/testing_wgs/output/VCFs/DO30_1_germline_SNPS_unfiltered.vcf.gz.
Removing temporary output file /project2/xinhe/alan/Cancer/testing_wgs/output/VCFs/DO30_5_germline_SNPS_unfiltered.vcf.gz.
Removing temporary output file /project2/xinhe/alan/Cancer/testing_wgs/output/VCFs/DO30_10_germline_SNPS_unfiltered.vcf.gz.
Removing temporary output file /project2/xinhe/alan/Cancer/testing_wgs/output/VCFs/DO30_11_germline_SNPS_unfiltered.vcf.gz.
Removing temporary output file /project2/xinhe/alan/Cancer/testing_wgs/output/VCFs/DO30_12_germline_SNPS_unfiltered.vcf.gz.
Removing temporary output file /project2/xinhe/alan/Cancer/testing_wgs/output/VCFs/DO30_13_germline_SNPS_unfiltered.vcf.gz.
Removing temporary output file /project2/xinhe/alan/Cancer/testing_wgs/output/VCFs/DO30_14_germline_SNPS_unfiltered.vcf.gz.
Removing temporary output file /project2/xinhe/alan/Cancer/testing_wgs/output/VCFs/DO30_16_germline_SNPS_unfiltered.vcf.gz.
Removing temporary output file /project2/xinhe/alan/Cancer/testing_wgs/output/VCFs/DO30_17_germline_SNPS_unfiltered.vcf.gz.
Removing temporary output file /project2/xinhe/alan/Cancer/testing_wgs/output/VCFs/DO30_18_germline_SNPS_unfiltered.vcf.gz.
Removing temporary output file /project2/xinhe/alan/Cancer/testing_wgs/output/VCFs/DO30_19_germline_SNPS_unfiltered.vcf.gz.
Removing temporary output file /project2/xinhe/alan/Cancer/testing_wgs/output/VCFs/DO30_20_germline_SNPS_unfiltered.vcf.gz.
Removing temporary output file /project2/xinhe/alan/Cancer/testing_wgs/output/VCFs/DO30_21_germline_SNPS_unfiltered.vcf.gz.
Removing temporary output file /project2/xinhe/alan/Cancer/testing_wgs/output/VCFs/DO30_22_germline_SNPS_unfiltered.vcf.gz.
Removing temporary output file /project2/xinhe/alan/Cancer/testing_wgs/output/VCFs/DO30_X_germline_SNPS_unfiltered.vcf.gz.
Removing temporary output file /project2/xinhe/alan/Cancer/testing_wgs/output/VCFs/DO30_Y_germline_SNPS_unfiltered.vcf.gz.
[Wed Feb  6 19:04:42 2019]
Finished job 3.
12 of 51 steps (24%) done

[Wed Feb  6 19:04:42 2019]
rule tumor_VCF_at_germline_SNPs:
    input: /project2/xinhe/alan/Cancer/testing_wgs/output/VCFs/DO30_1_germline_SNPs_VARIANT_POS.txt, /project2/xinhe/alan/Cancer/testing_wgs/output/DO30_tumor_sorted_dedupped.bam
    output: /project2/xinhe/alan/Cancer/testing_wgs/output/VCFs/DO30_1_tumor_at_germline_SNPs.vcf.gz
    jobid: 35
    reason: Missing output files: /project2/xinhe/alan/Cancer/testing_wgs/output/VCFs/DO30_1_tumor_at_germline_SNPs.vcf.gz
    wildcards: id=DO30, chr=1

cp /project2/xinhe/alan/Cancer/testing_wgs/output/VCFs/DO30_1_germline_SNPs_VARIANT_POS.txt /project2/xinhe/alan/Cancer/testing_wgs/output/DO30_tumor_sorted_dedupped.bam /project2/xinhe/alan/Cancer/testing_wgs/output/VCFs/DO30_1_tumor_at_germline_SNPs.vcf.gz
Submitted job 35 with external jobid 'Submitted batch job 57122518'.
[Wed Feb  6 19:05:04 2019]
Error in rule tumor_VCF_at_germline_SNPs:
    jobid: 35
    output: /project2/xinhe/alan/Cancer/testing_wgs/output/VCFs/DO30_1_tumor_at_germline_SNPs.vcf.gz
    cluster_jobid: Submitted batch job 57122518

Removing temporary output file /project2/xinhe/alan/Cancer/testing_wgs/output/VCFs/DO30_9_germline_SNPS_unfiltered.vcf.gz.
[Wed Feb  6 19:05:04 2019]
Finished job 69.
13 of 51 steps (25%) done
[Wed Feb  6 19:05:04 2019]
Error in rule tumor_VCF_at_germline_SNPs:
    jobid: 46
    output: /project2/xinhe/alan/Cancer/testing_wgs/output/VCFs/DO30_12_tumor_at_germline_SNPs.vcf.gz
    cluster_jobid: Submitted batch job 57122508

Removing temporary output file /project2/xinhe/alan/Cancer/testing_wgs/output/VCFs/DO30_6_germline_SNPS_unfiltered.vcf.gz.
[Wed Feb  6 19:05:04 2019]
Finished job 66.
14 of 51 steps (27%) done
Removing temporary output file /project2/xinhe/alan/Cancer/testing_wgs/output/VCFs/DO30_7_germline_SNPS_unfiltered.vcf.gz.
[Wed Feb  6 19:05:04 2019]
Finished job 67.
15 of 51 steps (29%) done
Removing temporary output file /project2/xinhe/alan/Cancer/testing_wgs/output/VCFs/DO30_4_germline_SNPS_unfiltered.vcf.gz.
[Wed Feb  6 19:05:04 2019]
Finished job 64.
16 of 51 steps (31%) done
Removing temporary output file /project2/xinhe/alan/Cancer/testing_wgs/output/VCFs/DO30_8_germline_SNPS_unfiltered.vcf.gz.
[Wed Feb  6 19:05:04 2019]
Finished job 68.
17 of 51 steps (33%) done
Removing temporary output file /project2/xinhe/alan/Cancer/testing_wgs/output/VCFs/DO30_2_germline_SNPS_unfiltered.vcf.gz.
[Wed Feb  6 19:05:04 2019]
Finished job 62.
18 of 51 steps (35%) done
Removing temporary output file /project2/xinhe/alan/Cancer/testing_wgs/output/VCFs/DO30_15_germline_SNPS_unfiltered.vcf.gz.
[Wed Feb  6 19:05:04 2019]
Finished job 75.
19 of 51 steps (37%) done
Removing temporary output file /project2/xinhe/alan/Cancer/testing_wgs/output/VCFs/DO30_3_germline_SNPS_unfiltered.vcf.gz.
[Wed Feb  6 19:05:04 2019]
Finished job 63.
20 of 51 steps (39%) done
[Wed Feb  6 19:05:05 2019]
Error in rule tumor_VCF_at_germline_SNPs:
    jobid: 51
    output: /project2/xinhe/alan/Cancer/testing_wgs/output/VCFs/DO30_17_tumor_at_germline_SNPs.vcf.gz
    cluster_jobid: Submitted batch job 57122516

[Wed Feb  6 19:05:05 2019]
Error in rule tumor_VCF_at_germline_SNPs:
    jobid: 48
    output: /project2/xinhe/alan/Cancer/testing_wgs/output/VCFs/DO30_14_tumor_at_germline_SNPs.vcf.gz
    cluster_jobid: Submitted batch job 57122517

Shutting down, this might take some time.
Exiting because a job execution failed. Look above for error message
Complete log: /project2/xinhe/alan/Cancer/wgs_pipeline/.snakemake/log/2019-02-06T190358.937707.snakemake.log
